<?xml version="1.0" encoding="UTF-8"?>
<testsuite xmlns:xsi="http://www.w3.org/2001/XMLSchema-instance" xsi:noNamespaceSchemaLocation="https://maven.apache.org/surefire/maven-surefire-plugin/xsd/surefire-test-report-3.0.xsd" version="3.0" name="fr.istic.vv.DateTest" time="0.061" tests="70" errors="0" skipped="0" failures="0">
  <properties>
[...]
</properties>
  <testcase name="testIsValidDateMonthTooHigh" classname="fr.istic.vv.DateTest" time="0.021"/>
  <testcase name="testInvalidDate" classname="fr.istic.vv.DateTest" time="0.002"/>
  <testcase name="testIsValidDateDayTooSmallInMonth10" classname="fr.istic.vv.DateTest" time="0"/>
  <testcase name="testIsValidDateDayTooSmallInMonth11" classname="fr.istic.vv.DateTest" time="0.001"/>
  <testcase name="testIsValidDateDayTooSmallInMonth12" classname="fr.istic.vv.DateTest" time="0"/>
  <testcase name="testIsValidDateDayInMonth10" classname="fr.istic.vv.DateTest" time="0.001"/>
  <testcase name="testIsValidDateDayInMonth11" classname="fr.istic.vv.DateTest" time="0.001"/>
  <testcase name="testIsValidDateDayInMonth12" classname="fr.istic.vv.DateTest" time="0"/>
  <testcase name="testIsValidDateDayTooHighInMonth10" classname="fr.istic.vv.DateTest" time="0"/>
  <testcase name="testIsValidDateDayTooHighInMonth11" classname="fr.istic.vv.DateTest" time="0.001"/>
  <testcase name="testIsValidDateDayTooHighInMonth12" classname="fr.istic.vv.DateTest" time="0"/>
  <testcase name="testCompareToDayBefore" classname="fr.istic.vv.DateTest" time="0.001"/>
  <testcase name="testCompareToEquals" classname="fr.istic.vv.DateTest" time="0"/>
  <testcase name="testEqualsDifferentYear" classname="fr.istic.vv.DateTest" time="0"/>
  <testcase name="testIsLeapYearDayDivisibleBy100AndNotBy400" classname="fr.istic.vv.DateTest" time="0"/>
  <testcase name="testIsValidDateDay29InMonth2AndLeapYear" classname="fr.istic.vv.DateTest" time="0"/>
  <testcase name="testEqualsDifferentMonth" classname="fr.istic.vv.DateTest" time="0"/>
  <testcase name="testValidDate" classname="fr.istic.vv.DateTest" time="0.001"/>
  <testcase name="testCompareToYearAfter" classname="fr.istic.vv.DateTest" time="0"/>
  <testcase name="testEqualsNull" classname="fr.istic.vv.DateTest" time="0"/>
  <testcase name="testEqualsType" classname="fr.istic.vv.DateTest" time="0"/>
  <testcase name="testIsValidDateDayTooHighInMonth1" classname="fr.istic.vv.DateTest" time="0"/>
  <testcase name="testIsValidDateDayTooHighInMonth2" classname="fr.istic.vv.DateTest" time="0"/>
  <testcase name="testIsValidDateDayTooHighInMonth3" classname="fr.istic.vv.DateTest" time="0"/>
  <testcase name="testIsValidDateDayTooHighInMonth4" classname="fr.istic.vv.DateTest" time="0"/>
  <testcase name="testIsValidDateDayTooHighInMonth5" classname="fr.istic.vv.DateTest" time="0"/>
  <testcase name="testIsValidDateDayTooHighInMonth6" classname="fr.istic.vv.DateTest" time="0"/>
  <testcase name="testIsValidDateDayTooHighInMonth7" classname="fr.istic.vv.DateTest" time="0"/>
  <testcase name="testIsValidDateDayTooHighInMonth8" classname="fr.istic.vv.DateTest" time="0"/>
  <testcase name="testIsValidDateDayTooHighInMonth9" classname="fr.istic.vv.DateTest" time="0"/>
  <testcase name="testCompareToDayAfter" classname="fr.istic.vv.DateTest" time="0"/>
  <testcase name="testCompareToMonthBefore" classname="fr.istic.vv.DateTest" time="0"/>
  <testcase name="testCompareToYearBefore" classname="fr.istic.vv.DateTest" time="0"/>
  <testcase name="testNextDateNewMonth" classname="fr.istic.vv.DateTest" time="0.001"/>
  <testcase name="testNextDateNewYear" classname="fr.istic.vv.DateTest" time="0.001"/>
  <testcase name="testNextDateInMonth" classname="fr.istic.vv.DateTest" time="0"/>
  <testcase name="testEqualsDifferentDay" classname="fr.istic.vv.DateTest" time="0"/>
  <testcase name="testIsValidDateMonthZero" classname="fr.istic.vv.DateTest" time="0"/>
  <testcase name="testEqualsSameDate" classname="fr.istic.vv.DateTest" time="0"/>
  <testcase name="testPreviousDateNewMonth30" classname="fr.istic.vv.DateTest" time="0.001"/>
  <testcase name="testPreviousDateNewMonth31" classname="fr.istic.vv.DateTest" time="0"/>
  <testcase name="testPreviousDateNewMonth2AndNotLeapYear" classname="fr.istic.vv.DateTest" time="0"/>
  <testcase name="testIsValidDateNegativeMonth" classname="fr.istic.vv.DateTest" time="0"/>
  <testcase name="testIsLeapYearDayDivisibleBy4" classname="fr.istic.vv.DateTest" time="0.001"/>
  <testcase name="testIsValidDateDayTooSmallInMonth1" classname="fr.istic.vv.DateTest" time="0"/>
  <testcase name="testIsValidDateDayTooSmallInMonth2" classname="fr.istic.vv.DateTest" time="0"/>
  <testcase name="testIsValidDateDayTooSmallInMonth3" classname="fr.istic.vv.DateTest" time="0"/>
  <testcase name="testIsValidDateDayTooSmallInMonth4" classname="fr.istic.vv.DateTest" time="0"/>
  <testcase name="testIsValidDateDayTooSmallInMonth5" classname="fr.istic.vv.DateTest" time="0"/>
  <testcase name="testIsValidDateDayTooSmallInMonth6" classname="fr.istic.vv.DateTest" time="0"/>
  <testcase name="testIsValidDateDayTooSmallInMonth7" classname="fr.istic.vv.DateTest" time="0.001"/>
  <testcase name="testIsValidDateDayTooSmallInMonth8" classname="fr.istic.vv.DateTest" time="0"/>
  <testcase name="testIsValidDateDayTooSmallInMonth9" classname="fr.istic.vv.DateTest" time="0"/>
  <testcase name="testPreviousDateNewYear" classname="fr.istic.vv.DateTest" time="0"/>
  <testcase name="testPreviousDateInMonth" classname="fr.istic.vv.DateTest" time="0"/>
  <testcase name="testCompareToMonthAfter" classname="fr.istic.vv.DateTest" time="0"/>
  <testcase name="testPreviousDateNewMonth2AndLeapYear" classname="fr.istic.vv.DateTest" time="0"/>
  <testcase name="testIsValidDateDayInMonth1" classname="fr.istic.vv.DateTest" time="0"/>
  <testcase name="testIsValidDateDayInMonth2" classname="fr.istic.vv.DateTest" time="0"/>
  <testcase name="testIsValidDateDayInMonth3" classname="fr.istic.vv.DateTest" time="0.001"/>
  <testcase name="testIsValidDateDayInMonth4" classname="fr.istic.vv.DateTest" time="0"/>
  <testcase name="testIsValidDateDayInMonth5" classname="fr.istic.vv.DateTest" time="0"/>
  <testcase name="testIsValidDateDayInMonth6" classname="fr.istic.vv.DateTest" time="0"/>
  <testcase name="testIsValidDateDayInMonth7" classname="fr.istic.vv.DateTest" time="0"/>
  <testcase name="testIsValidDateDayInMonth8" classname="fr.istic.vv.DateTest" time="0"/>
  <testcase name="testIsValidDateDayInMonth9" classname="fr.istic.vv.DateTest" time="0"/>
  <testcase name="testToStringTest" classname="fr.istic.vv.DateTest" time="0.005"/>
  <testcase name="testIsValidDateDayZero" classname="fr.istic.vv.DateTest" time="0"/>
  <testcase name="testIsValidDateDay29InMonth2AndNotLeapYear" classname="fr.istic.vv.DateTest" time="0"/>
  <testcase name="testIsLeapYearDayDivisibleBy100AndBy400" classname="fr.istic.vv.DateTest" time="0"/>
</testsuite>