<?xml version="1.0" encoding="UTF-8"?>
<testsuite xmlns:xsi="http://www.w3.org/2001/XMLSchema-instance" xsi:noNamespaceSchemaLocation="https://maven.apache.org/surefire/maven-surefire-plugin/xsd/surefire-test-report-3.0.xsd" version="3.0" name="fr.istic.vv.DateTest" time="0.037" tests="17" errors="0" skipped="0" failures="0">
  <properties>
[...]
</properties>
  <testcase name="testCompareToPosteriorDate" classname="fr.istic.vv.DateTest" time="0.016"/>
  <testcase name="testIsNotLeapYear" classname="fr.istic.vv.DateTest" time="0.001"/>
  <testcase name="testInvalidDate" classname="fr.istic.vv.DateTest" time="0.002"/>
  <testcase name="testCompareToAnteriorDate" classname="fr.istic.vv.DateTest" time="0.001"/>
  <testcase name="testToString" classname="fr.istic.vv.DateTest" time="0.001"/>
  <testcase name="testCompareToEqualDates" classname="fr.istic.vv.DateTest" time="0.001"/>
  <testcase name="testIsValidDate" classname="fr.istic.vv.DateTest" time="0"/>
  <testcase name="testNextDateWithMaxDays" classname="fr.istic.vv.DateTest" time="0"/>
  <testcase name="testIsInvalidDate" classname="fr.istic.vv.DateTest" time="0"/>
  <testcase name="testValidDate" classname="fr.istic.vv.DateTest" time="0.001"/>
  <testcase name="testPreviousDate" classname="fr.istic.vv.DateTest" time="0"/>
  <testcase name="testIsLeapYear" classname="fr.istic.vv.DateTest" time="0"/>
  <testcase name="testCompareToNull" classname="fr.istic.vv.DateTest" time="0"/>
  <testcase name="testBooleanFalseReturn" classname="fr.istic.vv.DateTest" time="0.001"/>
  <testcase name="testPrimitiveReturns" classname="fr.istic.vv.DateTest" time="0"/>
  <testcase name="testBooleanTrueReturn" classname="fr.istic.vv.DateTest" time="0"/>
  <testcase name="testNextDate" classname="fr.istic.vv.DateTest" time="0"/>
</testsuite>