<?xml version="1.0" encoding="UTF-8"?>
<testsuite xmlns:xsi="http://www.w3.org/2001/XMLSchema-instance" xsi:noNamespaceSchemaLocation="https://maven.apache.org/surefire/maven-surefire-plugin/xsd/surefire-test-report-3.0.xsd" version="3.0" name="fr.istic.vv.StringUtilsTest" time="0.072" tests="35" errors="0" skipped="0" failures="0">
  <properties>
[...]
</properties>
  <testcase name="testOpenBracketsNotEmptyNotMatchingPair" classname="fr.istic.vv.StringUtilsTest" time="0.02"/>
  <testcase name="testNestedUnbalancedBraces" classname="fr.istic.vv.StringUtilsTest" time="0.0"/>
  <testcase name="testMediumBalancedWithNonRelevantChars" classname="fr.istic.vv.StringUtilsTest" time="0.001"/>
  <testcase name="testLongUnbalancedWithNonRelevantChars" classname="fr.istic.vv.StringUtilsTest" time="0.001"/>
  <testcase name="testNestedUnbalancedBrackets" classname="fr.istic.vv.StringUtilsTest" time="0.001"/>
  <testcase name="testSingleOpenBrace" classname="fr.istic.vv.StringUtilsTest" time="0.0"/>
  <testcase name="testMixedUnbalancedBrackets" classname="fr.istic.vv.StringUtilsTest" time="0.0"/>
  <testcase name="testMediumUnbalancedMixed" classname="fr.istic.vv.StringUtilsTest" time="0.0"/>
  <testcase name="testLongUnbalancedComplex" classname="fr.istic.vv.StringUtilsTest" time="0.0"/>
  <testcase name="testMediumUnbalancedComplex" classname="fr.istic.vv.StringUtilsTest" time="0.001"/>
  <testcase name="testBalancedWithNonBracketCharacters" classname="fr.istic.vv.StringUtilsTest" time="0.001"/>
  <testcase name="testShortBalancedBraces" classname="fr.istic.vv.StringUtilsTest" time="0.001"/>
  <testcase name="testSingleOpenBracket" classname="fr.istic.vv.StringUtilsTest" time="0.001"/>
  <testcase name="testSingleOpenParentheses" classname="fr.istic.vv.StringUtilsTest" time="0.001"/>
  <testcase name="testMediumUnbalancedWithNonRelevantChars" classname="fr.istic.vv.StringUtilsTest" time="0.0"/>
  <testcase name="testShortBalancedParentheses" classname="fr.istic.vv.StringUtilsTest" time="0.001"/>
  <testcase name="testMixedBalancedBrackets" classname="fr.istic.vv.StringUtilsTest" time="0.001"/>
  <testcase name="testSingleCloseBrace" classname="fr.istic.vv.StringUtilsTest" time="0.0"/>
  <testcase name="testNestedBalancedBraces" classname="fr.istic.vv.StringUtilsTest" time="0.0"/>
  <testcase name="testShortUnbalancedBrackets" classname="fr.istic.vv.StringUtilsTest" time="0.001"/>
  <testcase name="testUnbalancedWithNonBracketCharacters" classname="fr.istic.vv.StringUtilsTest" time="0.001"/>
  <testcase name="testMediumNotEqualStack" classname="fr.istic.vv.StringUtilsTest" time="0.001"/>
  <testcase name="testMediumBalancedComplex" classname="fr.istic.vv.StringUtilsTest" time="0.001"/>
  <testcase name="testShortBalancedBrackets" classname="fr.istic.vv.StringUtilsTest" time="0.001"/>
  <testcase name="testNestedUnbalancedParentheses" classname="fr.istic.vv.StringUtilsTest" time="0.0"/>
  <testcase name="testEmptyString" classname="fr.istic.vv.StringUtilsTest" time="0.0"/>
  <testcase name="testNestedBalancedBrackets" classname="fr.istic.vv.StringUtilsTest" time="0.002"/>
  <testcase name="testMediumBalancedMixed" classname="fr.istic.vv.StringUtilsTest" time="0.001"/>
  <testcase name="testSingleCloseBracket" classname="fr.istic.vv.StringUtilsTest" time="0.001"/>
  <testcase name="testLongBalancedWithNonRelevantChars" classname="fr.istic.vv.StringUtilsTest" time="0.001"/>
  <testcase name="testSingleCloseParentheses" classname="fr.istic.vv.StringUtilsTest" time="0.001"/>
  <testcase name="testLongBalancedComplex" classname="fr.istic.vv.StringUtilsTest" time="0.001"/>
  <testcase name="testShortUnbalancedParentheses" classname="fr.istic.vv.StringUtilsTest" time="0.0"/>
  <testcase name="testNestedBalancedParentheses" classname="fr.istic.vv.StringUtilsTest" time="0.0"/>
  <testcase name="testShortUnbalancedBraces" classname="fr.istic.vv.StringUtilsTest" time="0.001"/>
</testsuite>