<?xml version="1.0" encoding="UTF-8"?>
<testsuite xmlns:xsi="http://www.w3.org/2001/XMLSchema-instance" xsi:noNamespaceSchemaLocation="https://maven.apache.org/surefire/maven-surefire-plugin/xsd/surefire-test-report-3.0.xsd" version="3.0" name="fr.istic.vv.BinaryHeapTest" time="0.148" tests="6" errors="0" skipped="0" failures="0">
  <properties>
[...]
</properties>
  <testcase name="testPop" classname="fr.istic.vv.BinaryHeapTest" time="0.083"/>
  <testcase name="testCount" classname="fr.istic.vv.BinaryHeapTest" time="0.002"/>
  <testcase name="testPeek" classname="fr.istic.vv.BinaryHeapTest" time="0.003"/>
  <testcase name="testPush" classname="fr.istic.vv.BinaryHeapTest" time="0.005"/>
  <testcase name="testPeekEmptyHeap" classname="fr.istic.vv.BinaryHeapTest" time="0.002"/>
  <testcase name="testPopEmptyHeap" classname="fr.istic.vv.BinaryHeapTest" time="0.002"/>
</testsuite>